<?xml version="1.0" encoding="UTF-8"?>
<!-- Generated by org.testng.reporters.JUnitXMLReporter -->
<testsuite ignored="3" hostname="LAPTOP-RQMIKUIO" failures="2" tests="2" name="Test(failed)" time="30.15" errors="0" timestamp="2022-07-08T16:44:07 IST">
  <testcase classname="com.crm.erthwood.campaignsTest.CampaignsTest" name="createCampaignTest" time="7.328">
    <failure type="java.lang.AssertionError" message="expected [New Year offer4011] but found [[ CAM154 ] New Year offer4011 - Campaign Information]">
      <![CDATA[java.lang.AssertionError: expected [New Year offer4011] but found [[ CAM154 ] New Year offer4011 - Campaign Information]
at com.crm.erthwood.campaignsTest.CampaignsTest.createCampaignTest(CampaignsTest.java:40)
at java.base/java.util.ArrayList.forEach(ArrayList.java:1511)
... Removed 33 stack frames]]>
    </failure>
  </testcase> <!-- createCampaignTest -->
  <testcase classname="com.cmr.erthwood.organizationsTest.OrganizationsTest" name="creteOrgnition" time="7.375">
    <failure type="java.lang.AssertionError" message="expected [more mega store1184] but found [[ ACC61 ] more mega store1184 - Organization Information]">
      <![CDATA[java.lang.AssertionError: expected [more mega store1184] but found [[ ACC61 ] more mega store1184 - Organization Information]
at com.cmr.erthwood.organizationsTest.OrganizationsTest.creteOrgnition(OrganizationsTest.java:33)
at java.base/java.util.ArrayList.forEach(ArrayList.java:1511)
... Removed 33 stack frames]]>
    </failure>
  </testcase> <!-- creteOrgnition -->
  <testcase classname="com.crm.earthwood.genericUtility.BaseClass" name="@AfterSuite closeDB" time="0.0">
    <ignored/>
  </testcase> <!-- @AfterSuite closeDB -->
  <testcase classname="com.crm.earthwood.genericUtility.BaseClass" name="@BeforeSuite connectToDB" time="0.0">
    <ignored/>
  </testcase> <!-- @BeforeSuite connectToDB -->
  <testcase classname="com.crm.erthwood.campaignsTest.CampaignsTest" name="createProductsCampaignTest" time="0.0">
    <ignored/>
  </testcase> <!-- createProductsCampaignTest -->
</testsuite> <!-- Test(failed) -->
